mode: set
github.com\influx6\flux\utils.go:12.57,13.33 1 0
github.com\influx6\flux\utils.go:17.2,19.22 2 0
github.com\influx6\flux\utils.go:23.2,25.20 2 0
github.com\influx6\flux\utils.go:29.2,33.15 3 0
github.com\influx6\flux\utils.go:13.33,15.3 1 0
github.com\influx6\flux\utils.go:19.22,21.3 1 0
github.com\influx6\flux\utils.go:25.20,27.3 1 0
github.com\influx6\flux\utils.go:34.2,35.27 1 0
github.com\influx6\flux\utils.go:36.2,37.32 1 0
github.com\influx6\flux\utils.go:38.2,39.31 1 0
github.com\influx6\flux\utils.go:40.2,41.32 1 0
github.com\influx6\flux\utils.go:42.2,43.27 1 0
github.com\influx6\flux\utils.go:44.2,45.25 1 0
github.com\influx6\flux\utils.go:46.2,47.42 1 0
github.com\influx6\flux\utils.go:52.47,54.16 2 0
github.com\influx6\flux\utils.go:57.2,57.11 1 0
github.com\influx6\flux\utils.go:54.16,56.3 1 0
github.com\influx6\flux\waiter.go:38.91,51.9 2 1
github.com\influx6\flux\waiter.go:55.2,55.10 1 1
github.com\influx6\flux\waiter.go:59.2,59.11 1 1
github.com\influx6\flux\waiter.go:51.9,53.3 1 1
github.com\influx6\flux\waiter.go:55.10,57.3 1 1
github.com\influx6\flux\waiter.go:63.32,64.19 1 1
github.com\influx6\flux\waiter.go:64.19,66.3 1 1
github.com\influx6\flux\waiter.go:70.28,76.19 4 1
github.com\influx6\flux\waiter.go:80.2,80.20 1 1
github.com\influx6\flux\waiter.go:84.2,84.15 1 1
github.com\influx6\flux\waiter.go:76.19,78.3 1 0
github.com\influx6\flux\waiter.go:80.20,82.3 1 0
github.com\influx6\flux\waiter.go:84.15,86.3 1 0
github.com\influx6\flux\waiter.go:86.3,91.3 4 1
github.com\influx6\flux\waiter.go:95.30,100.15 4 1
github.com\influx6\flux\waiter.go:109.2,110.34 2 1
github.com\influx6\flux\waiter.go:100.15,101.16 1 1
github.com\influx6\flux\waiter.go:105.3,106.17 2 1
github.com\influx6\flux\waiter.go:101.16,104.4 2 1
github.com\influx6\flux\waiter.go:113.50,115.2 1 1
github.com\influx6\flux\waiter.go:117.31,118.12 1 1
github.com\influx6\flux\waiter.go:118.12,125.7 4 1
github.com\influx6\flux\waiter.go:125.7,126.11 1 1
github.com\influx6\flux\waiter.go:127.4,128.29 1 0
github.com\influx6\flux\waiter.go:129.4,132.20 3 1
github.com\influx6\flux\waiter.go:133.4,135.20 2 0
github.com\influx6\flux\waiter.go:158.40,159.22 1 0
github.com\influx6\flux\waiter.go:162.2,163.41 2 0
github.com\influx6\flux\waiter.go:166.2,166.11 1 0
github.com\influx6\flux\waiter.go:159.22,161.3 1 0
github.com\influx6\flux\waiter.go:163.41,165.3 1 0
github.com\influx6\flux\waiter.go:170.85,173.24 1 0
github.com\influx6\flux\waiter.go:173.24,177.4 3 0
github.com\influx6\flux\waiter.go:182.58,185.24 1 0
github.com\influx6\flux\waiter.go:185.24,189.4 3 0
github.com\influx6\flux\waiter.go:200.43,202.2 1 1
github.com\influx6\flux\waiter.go:204.30,206.2 1 1
github.com\influx6\flux\waiter.go:227.61,242.2 3 1
github.com\influx6\flux\waiter.go:246.29,250.12 3 1
github.com\influx6\flux\waiter.go:255.2,255.6 1 1
github.com\influx6\flux\waiter.go:250.12,253.3 2 1
github.com\influx6\flux\waiter.go:255.6,259.14 3 1
github.com\influx6\flux\waiter.go:263.3,263.11 1 1
github.com\influx6\flux\waiter.go:259.14,260.9 1 0
github.com\influx6\flux\waiter.go:268.28,269.21 1 1
github.com\influx6\flux\waiter.go:269.21,273.3 3 1
github.com\influx6\flux\waiter.go:277.32,279.2 1 1
github.com\influx6\flux\waiter.go:282.26,283.41 1 1
github.com\influx6\flux\waiter.go:287.2,287.29 1 0
github.com\influx6\flux\waiter.go:283.41,285.3 1 1
github.com\influx6\flux\waiter.go:292.27,295.14 2 1
github.com\influx6\flux\waiter.go:299.2,300.22 2 1
github.com\influx6\flux\waiter.go:295.14,297.3 1 0
github.com\influx6\flux\waiter.go:300.22,302.3 1 1
github.com\influx6\flux\waiter.go:315.30,317.2 1 1
github.com\influx6\flux\waiter.go:320.24,322.14 2 0
github.com\influx6\flux\waiter.go:326.2,327.10 2 0
github.com\influx6\flux\waiter.go:322.14,324.3 1 0
github.com\influx6\flux\waiter.go:331.28,333.2 1 1
github.com\influx6\flux\waiter.go:336.22,339.14 2 1
github.com\influx6\flux\waiter.go:343.2,343.35 1 1
github.com\influx6\flux\waiter.go:339.14,341.3 1 0
github.com\influx6\flux\waiter.go:348.23,351.14 2 1
github.com\influx6\flux\waiter.go:355.2,358.18 2 1
github.com\influx6\flux\waiter.go:351.14,353.3 1 1
github.com\influx6\flux\waiter.go:358.18,360.3 1 1
github.com\influx6\flux\actions.go:38.57,43.2 3 1
github.com\influx6\flux\actions.go:46.46,49.9 2 1
github.com\influx6\flux\actions.go:53.2,53.10 1 1
github.com\influx6\flux\actions.go:49.9,51.3 1 0
github.com\influx6\flux\actions.go:57.50,60.9 2 1
github.com\influx6\flux\actions.go:64.2,66.9 2 0
github.com\influx6\flux\actions.go:70.2,70.11 1 0
github.com\influx6\flux\actions.go:60.9,62.3 1 1
github.com\influx6\flux\actions.go:66.9,68.3 1 0
github.com\influx6\flux\actions.go:74.56,77.9 2 1
github.com\influx6\flux\actions.go:81.2,83.9 2 0
github.com\influx6\flux\actions.go:87.2,87.11 1 0
github.com\influx6\flux\actions.go:77.9,79.3 1 1
github.com\influx6\flux\actions.go:83.9,85.3 1 0
github.com\influx6\flux\actions.go:92.52,95.8 2 1
github.com\influx6\flux\actions.go:99.2,99.12 1 1
github.com\influx6\flux\actions.go:95.8,97.3 1 0
github.com\influx6\flux\actions.go:103.43,105.2 1 1
github.com\influx6\flux\actions.go:108.46,110.2 1 0
github.com\influx6\flux\actions.go:113.40,115.2 1 0
github.com\influx6\flux\actions.go:118.46,120.2 1 0
github.com\influx6\flux\actions.go:123.71,125.2 1 0
github.com\influx6\flux\actions.go:128.86,130.2 1 1
github.com\influx6\flux\actions.go:134.69,136.2 1 0
github.com\influx6\flux\actions.go:140.73,142.2 1 0
github.com\influx6\flux\actions.go:145.86,147.2 1 0
github.com\influx6\flux\actions.go:151.108,153.2 1 0
github.com\influx6\flux\actions.go:156.41,158.2 1 0
github.com\influx6\flux\actions.go:161.65,163.2 1 0
github.com\influx6\flux\actions.go:167.54,169.2 1 0
github.com\influx6\flux\actions.go:182.50,185.20 2 1
github.com\influx6\flux\actions.go:210.2,210.10 1 1
github.com\influx6\flux\actions.go:185.20,186.13 1 1
github.com\influx6\flux\actions.go:186.13,189.4 2 1
github.com\influx6\flux\actions.go:190.3,191.14 1 0
github.com\influx6\flux\actions.go:195.3,197.49 2 0
github.com\influx6\flux\actions.go:204.3,204.13 1 0
github.com\influx6\flux\actions.go:191.14,193.4 1 0
github.com\influx6\flux\actions.go:197.49,198.14 1 0
github.com\influx6\flux\actions.go:198.14,201.5 2 0
github.com\influx6\flux\actions.go:204.13,207.4 2 0
github.com\influx6\flux\actions.go:215.69,217.2 1 0
github.com\influx6\flux\actions.go:221.65,222.12 1 0
github.com\influx6\flux\actions.go:226.2,226.59 1 0
github.com\influx6\flux\actions.go:222.12,224.3 1 0
github.com\influx6\flux\actions.go:226.59,228.3 1 0
github.com\influx6\flux\actions.go:232.44,234.2 1 0
github.com\influx6\flux\actions.go:237.61,239.2 1 0
github.com\influx6\flux\actions.go:256.53,259.15 2 1
github.com\influx6\flux\actions.go:263.2,263.15 1 0
github.com\influx6\flux\actions.go:271.2,271.10 1 0
github.com\influx6\flux\actions.go:259.15,261.3 1 1
github.com\influx6\flux\actions.go:263.15,265.50 2 0
github.com\influx6\flux\actions.go:268.3,268.12 1 0
github.com\influx6\flux\actions.go:265.50,267.4 1 0
github.com\influx6\flux\actions.go:278.58,291.18 4 1
github.com\influx6\flux\actions.go:302.2,302.12 1 1
github.com\influx6\flux\actions.go:291.18,294.49 3 1
github.com\influx6\flux\actions.go:297.3,299.10 3 1
github.com\influx6\flux\actions.go:294.49,296.4 1 1
github.com\influx6\flux\actions.go:306.78,318.22 3 0
github.com\influx6\flux\actions.go:326.2,326.12 1 0
github.com\influx6\flux\actions.go:318.22,321.49 3 0
github.com\influx6\flux\actions.go:321.49,323.4 1 0
github.com\influx6\flux\actions.go:330.79,343.18 4 0
github.com\influx6\flux\actions.go:354.2,354.12 1 0
github.com\influx6\flux\actions.go:343.18,346.49 3 0
github.com\influx6\flux\actions.go:349.3,351.10 3 0
github.com\influx6\flux\actions.go:346.49,348.4 1 0
github.com\influx6\flux\actions.go:357.57,360.15 2 1
github.com\influx6\flux\actions.go:372.2,372.18 1 1
github.com\influx6\flux\actions.go:360.15,362.32 2 0
github.com\influx6\flux\actions.go:362.32,364.4 1 0
github.com\influx6\flux\actions.go:365.3,367.22 2 1
github.com\influx6\flux\actions.go:367.22,369.4 1 0
github.com\influx6\flux\actions.go:377.45,379.2 1 0
github.com\influx6\flux\actions.go:382.44,384.2 1 0
github.com\influx6\flux\actions.go:388.50,390.2 1 0
github.com\influx6\flux\actions.go:394.55,397.9 2 0
github.com\influx6\flux\actions.go:401.2,401.23 1 0
github.com\influx6\flux\actions.go:397.9,399.3 1 0
github.com\influx6\flux\actions.go:405.53,407.2 1 0
github.com\influx6\flux\actions.go:416.56,417.64 1 0
github.com\influx6\flux\actions.go:417.64,420.3 2 0
github.com\influx6\flux\actions.go:428.60,429.64 1 0
github.com\influx6\flux\actions.go:429.64,432.3 2 0
github.com\influx6\flux\actions.go:438.105,441.9 2 0
github.com\influx6\flux\actions.go:445.2,449.31 4 0
github.com\influx6\flux\actions.go:453.2,453.20 1 0
github.com\influx6\flux\actions.go:457.2,459.27 2 0
github.com\influx6\flux\actions.go:441.9,443.3 1 0
github.com\influx6\flux\actions.go:449.31,451.3 1 0
github.com\influx6\flux\actions.go:453.20,455.3 1 0
github.com\influx6\flux\actions.go:466.106,469.9 2 1
github.com\influx6\flux\actions.go:473.2,477.13 3 1
github.com\influx6\flux\actions.go:483.2,483.32 1 1
github.com\influx6\flux\actions.go:487.2,487.27 1 1
github.com\influx6\flux\actions.go:469.9,471.3 1 0
github.com\influx6\flux\actions.go:477.13,479.3 1 0
github.com\influx6\flux\actions.go:479.3,481.3 1 1
github.com\influx6\flux\actions.go:483.32,485.3 1 1
github.com\influx6\flux\actions.go:493.29,494.13 1 0
github.com\influx6\flux\actions.go:498.2,498.23 1 0
github.com\influx6\flux\actions.go:502.2,502.9 1 0
github.com\influx6\flux\actions.go:494.13,496.3 1 0
github.com\influx6\flux\actions.go:498.23,500.3 1 0
github.com\influx6\flux\actions.go:506.55,508.2 1 0
github.com\influx6\flux\actions.go:511.32,513.2 1 1
github.com\influx6\flux\actions.go:516.47,518.2 1 1
github.com\influx6\flux\actions.go:521.64,523.2 1 0
github.com\influx6\flux\actions.go:527.72,529.2 1 0
github.com\influx6\flux\actions.go:533.68,535.2 1 0
github.com\influx6\flux\actions.go:539.53,541.2 1 0
github.com\influx6\flux\actions.go:544.27,546.2 1 0
github.com\influx6\flux\actions.go:549.47,551.2 1 0
github.com\influx6\flux\actions.go:554.40,556.2 1 0
github.com\influx6\flux\actions.go:559.39,561.2 1 0
github.com\influx6\flux\actions.go:564.45,566.2 1 0
github.com\influx6\flux\actions.go:569.70,571.2 1 0
github.com\influx6\flux\actions.go:574.85,576.2 1 0
github.com\influx6\flux\actions.go:579.85,583.29 3 1
github.com\influx6\flux\actions.go:588.2,590.19 2 1
github.com\influx6\flux\actions.go:595.2,595.14 1 1
github.com\influx6\flux\actions.go:602.2,604.30 2 1
github.com\influx6\flux\actions.go:610.2,610.10 1 1
github.com\influx6\flux\actions.go:583.29,586.3 2 1
github.com\influx6\flux\actions.go:590.19,593.3 2 1
github.com\influx6\flux\actions.go:595.14,597.3 1 1
github.com\influx6\flux\actions.go:597.3,600.3 2 1
github.com\influx6\flux\actions.go:604.30,606.3 1 1
github.com\influx6\flux\actions.go:606.3,608.3 1 1
github.com\influx6\flux\actions.go:615.107,617.2 1 0
github.com\influx6\flux\actions.go:620.37,622.2 1 1
github.com\influx6\flux\actions.go:625.36,627.2 1 1
github.com\influx6\flux\actions.go:630.42,635.11 4 1
github.com\influx6\flux\actions.go:639.2,644.17 6 1
github.com\influx6\flux\actions.go:635.11,637.3 1 1
github.com\influx6\flux\actions.go:648.67,649.55 1 0
github.com\influx6\flux\actions.go:649.55,651.3 1 0
github.com\influx6\flux\actions.go:655.82,660.11 4 1
github.com\influx6\flux\actions.go:668.2,668.10 1 1
github.com\influx6\flux\actions.go:660.11,662.3 1 0
github.com\influx6\flux\actions.go:662.3,663.37 1 1
github.com\influx6\flux\actions.go:663.37,665.4 1 1
github.com\influx6\flux\actions.go:672.82,674.13 2 1
github.com\influx6\flux\actions.go:682.2,682.11 1 1
github.com\influx6\flux\actions.go:674.13,676.3 1 0
github.com\influx6\flux\actions.go:676.3,677.37 1 1
github.com\influx6\flux\actions.go:677.37,679.4 1 1
github.com\influx6\flux\actions.go:687.104,688.13 1 1
github.com\influx6\flux\actions.go:696.2,696.10 1 1
github.com\influx6\flux\actions.go:688.13,690.3 1 0
github.com\influx6\flux\actions.go:690.3,691.37 1 1
github.com\influx6\flux\actions.go:691.37,693.4 1 1
github.com\influx6\flux\actions.go:700.26,702.2 1 1
github.com\influx6\flux\actions.go:711.46,713.2 1 1
github.com\influx6\flux\actions.go:716.47,718.2 1 1
github.com\influx6\flux\actions.go:721.63,722.27 1 1
github.com\influx6\flux\actions.go:726.2,726.28 1 1
github.com\influx6\flux\actions.go:730.2,732.8 2 1
github.com\influx6\flux\actions.go:737.2,738.25 2 1
github.com\influx6\flux\actions.go:722.27,724.3 1 0
github.com\influx6\flux\actions.go:726.28,728.3 1 0
github.com\influx6\flux\actions.go:732.8,735.3 2 1
github.com\influx6\flux\actions.go:742.36,747.2 1 1
github.com\influx6\flux\actions.go:755.77,761.2 2 0
github.com\influx6\flux\actions.go:765.74,770.2 1 0
github.com\influx6\flux\flux.go:32.31,34.2 1 0
github.com\influx6\flux\flux.go:37.43,41.2 3 0
github.com\influx6\flux\flux.go:44.37,45.14 1 0
github.com\influx6\flux\flux.go:45.14,47.3 1 0
github.com\influx6\flux\flux.go:51.49,53.2 1 0
github.com\influx6\flux\flux.go:56.51,57.22 1 0
github.com\influx6\flux\flux.go:57.22,59.3 1 0
github.com\influx6\flux\flux.go:63.44,65.22 2 0
github.com\influx6\flux\flux.go:65.22,66.12 1 0
github.com\influx6\flux\flux.go:70.3,70.19 1 0
github.com\influx6\flux\flux.go:66.12,67.9 1 0
github.com\influx6\flux\flux.go:70.19,72.4 1 0
github.com\influx6\flux\flux.go:77.36,79.49 2 0
github.com\influx6\flux\flux.go:82.2,82.13 1 0
github.com\influx6\flux\flux.go:79.49,81.3 1 0
github.com\influx6\flux\flux.go:86.46,88.2 1 0
github.com\influx6\flux\flux.go:91.39,94.2 2 0
github.com\influx6\flux\flux.go:97.59,98.14 1 0
github.com\influx6\flux\flux.go:101.2,101.14 1 0
github.com\influx6\flux\flux.go:98.14,100.3 1 0
github.com\influx6\flux\flux.go:105.28,106.19 1 0
github.com\influx6\flux\flux.go:106.19,108.3 1 0
github.com\influx6\flux\flux.go:133.29,137.2 3 0
github.com\influx6\flux\flux.go:140.59,145.8 4 0
github.com\influx6\flux\flux.go:149.2,149.14 1 0
github.com\influx6\flux\flux.go:145.8,147.3 1 0
github.com\influx6\flux\flux.go:153.39,156.27 3 0
github.com\influx6\flux\flux.go:163.2,163.18 1 0
github.com\influx6\flux\flux.go:156.27,157.11 1 0
github.com\influx6\flux\flux.go:161.3,161.19 1 0
github.com\influx6\flux\flux.go:157.11,158.9 1 0
github.com\influx6\flux\flux.go:161.19,161.34 1 0
github.com\influx6\flux\flux.go:167.42,171.24 4 0
github.com\influx6\flux\flux.go:175.2,177.13 2 0
github.com\influx6\flux\flux.go:171.24,174.3 2 0
github.com\influx6\flux\flux.go:181.38,184.27 3 0
github.com\influx6\flux\flux.go:187.2,188.11 2 0
github.com\influx6\flux\flux.go:184.27,186.3 1 0
github.com\influx6\flux\flux.go:192.49,193.44 1 0
github.com\influx6\flux\flux.go:193.44,195.3 1 0
github.com\influx6\flux\flux.go:199.59,200.24 1 0
github.com\influx6\flux\flux.go:200.24,202.3 1 0
github.com\influx6\flux\flux.go:206.47,211.2 4 0
github.com\influx6\flux\flux.go:214.54,219.2 4 0
github.com\influx6\flux\flux.go:222.49,224.30 1 0
github.com\influx6\flux\flux.go:228.2,230.17 3 0
github.com\influx6\flux\flux.go:224.30,226.3 1 0
github.com\influx6\flux\flux.go:234.45,238.2 3 0
github.com\influx6\flux\flux.go:241.32,243.2 1 0
github.com\influx6\flux\flux.go:246.65,248.2 1 0
github.com\influx6\flux\flux.go:257.60,260.16 2 0
github.com\influx6\flux\flux.go:264.2,269.12 6 0
github.com\influx6\flux\flux.go:260.16,262.3 1 0
github.com\influx6\flux\flux.go:273.51,276.15 2 0
github.com\influx6\flux\flux.go:280.2,280.13 1 0
github.com\influx6\flux\flux.go:287.2,289.17 3 0
github.com\influx6\flux\flux.go:276.15,278.3 1 0
github.com\influx6\flux\flux.go:280.13,282.14 2 0
github.com\influx6\flux\flux.go:282.14,284.4 1 0
github.com\influx6\flux\flux.go:293.48,295.15 2 0
github.com\influx6\flux\flux.go:299.2,299.13 1 0
github.com\influx6\flux\flux.go:306.2,309.10 4 0
github.com\influx6\flux\flux.go:295.15,297.3 1 0
github.com\influx6\flux\flux.go:299.13,301.14 2 0
github.com\influx6\flux\flux.go:301.14,303.4 1 0
github.com\influx6\flux\flux.go:313.39,318.2 4 0
github.com\influx6\flux\flux.go:321.31,325.2 3 0
github.com\influx6\flux\flux.go:328.34,333.2 4 0
github.com\influx6\flux\flux.go:336.47,342.2 5 0
github.com\influx6\flux\flux.go:345.39,347.39 1 0
github.com\influx6\flux\flux.go:351.2,355.18 5 0
github.com\influx6\flux\flux.go:347.39,349.3 1 0
github.com\influx6\flux\flux.go:360.50,361.19 1 0
github.com\influx6\flux\flux.go:365.2,366.32 2 0
github.com\influx6\flux\flux.go:369.2,369.18 1 0
github.com\influx6\flux\flux.go:361.19,363.3 1 0
github.com\influx6\flux\flux.go:366.32,368.3 1 0
github.com\influx6\flux\flux.go:379.33,383.2 3 1
github.com\influx6\flux\flux.go:386.36,391.2 4 1
github.com\influx6\flux\flux.go:394.58,400.2 5 1
github.com\influx6\flux\flux.go:403.41,405.39 1 0
github.com\influx6\flux\flux.go:409.2,413.18 5 0
github.com\influx6\flux\flux.go:405.39,407.3 1 0
github.com\influx6\flux\flux.go:418.48,419.19 1 1
github.com\influx6\flux\flux.go:423.2,424.33 2 1
github.com\influx6\flux\flux.go:427.2,427.18 1 1
github.com\influx6\flux\flux.go:419.19,421.3 1 1
github.com\influx6\flux\flux.go:424.33,426.3 1 1
github.com\influx6\flux\flux.go:437.53,438.52 1 1
github.com\influx6\flux\flux.go:438.52,440.3 1 1
github.com\influx6\flux\flux.go:444.36,449.2 1 0
github.com\influx6\flux\flux.go:452.40,457.2 1 1
github.com\influx6\flux\flux.go:460.36,464.2 1 1
github.com\influx6\flux\pretty.go:14.50,16.2 1 1
github.com\influx6\flux\pretty.go:19.50,21.2 1 0
github.com\influx6\flux\pretty.go:29.65,31.2 1 0
github.com\influx6\flux\pretty.go:34.65,36.2 1 0
github.com\influx6\flux\pretty.go:44.61,46.2 1 0
github.com\influx6\flux\pretty.go:49.61,51.2 1 1
github.com\influx6\flux\pretty.go:59.66,61.2 1 0
github.com\influx6\flux\pretty.go:64.66,66.2 1 0
github.com\influx6\flux\pretty.go:69.56,72.2 2 1
github.com\influx6\flux\reactstack.go:94.64,95.41 1 1
github.com\influx6\flux\reactstack.go:133.2,133.8 1 1
github.com\influx6\flux\reactstack.go:95.41,98.7 2 1
github.com\influx6\flux\reactstack.go:98.7,99.11 1 1
github.com\influx6\flux\reactstack.go:100.4,101.28 1 1
github.com\influx6\flux\reactstack.go:108.5,108.18 1 1
github.com\influx6\flux\reactstack.go:109.4,110.28 1 1
github.com\influx6\flux\reactstack.go:119.4,120.28 1 0
github.com\influx6\flux\reactstack.go:101.28,102.49 1 1
github.com\influx6\flux\reactstack.go:102.49,103.64 1 1
github.com\influx6\flux\reactstack.go:103.64,105.8 1 1
github.com\influx6\flux\reactstack.go:110.28,112.49 1 1
github.com\influx6\flux\reactstack.go:112.49,113.63 1 1
github.com\influx6\flux\reactstack.go:113.63,115.8 1 1
github.com\influx6\flux\reactstack.go:120.28,122.49 1 0
github.com\influx6\flux\reactstack.go:122.49,123.64 1 0
github.com\influx6\flux\reactstack.go:123.64,125.8 1 0
github.com\influx6\flux\reactstack.go:137.46,143.25 4 1
github.com\influx6\flux\reactstack.go:168.2,168.10 1 1
github.com\influx6\flux\reactstack.go:143.25,144.28 1 1
github.com\influx6\flux\reactstack.go:144.28,145.34 1 1
github.com\influx6\flux\reactstack.go:145.34,147.9 1 1
github.com\influx6\flux\reactstack.go:163.5,163.12 1 1
github.com\influx6\flux\reactstack.go:147.9,148.13 1 1
github.com\influx6\flux\reactstack.go:149.6,150.23 1 0
github.com\influx6\flux\reactstack.go:151.6,153.24 2 1
github.com\influx6\flux\reactstack.go:157.7,158.19 2 1
github.com\influx6\flux\reactstack.go:159.6,160.16 1 1
github.com\influx6\flux\reactstack.go:153.24,155.17 2 1
github.com\influx6\flux\reactstack.go:172.51,173.17 1 1
github.com\influx6\flux\reactstack.go:177.2,177.18 1 1
github.com\influx6\flux\reactstack.go:181.2,184.24 3 1
github.com\influx6\flux\reactstack.go:192.2,192.17 1 1
github.com\influx6\flux\reactstack.go:173.17,175.3 1 0
github.com\influx6\flux\reactstack.go:177.18,179.3 1 0
github.com\influx6\flux\reactstack.go:184.24,185.20 1 1
github.com\influx6\flux\reactstack.go:185.20,186.39 1 1
github.com\influx6\flux\reactstack.go:186.39,188.5 1 1
github.com\influx6\flux\reactstack.go:196.63,198.2 1 0
github.com\influx6\flux\reactstack.go:201.45,203.2 1 1
github.com\influx6\flux\reactstack.go:206.30,208.2 1 1
github.com\influx6\flux\reactstack.go:211.49,212.30 1 1
github.com\influx6\flux\reactstack.go:212.30,213.10 1 1
github.com\influx6\flux\reactstack.go:213.10,215.8 1 1
github.com\influx6\flux\reactstack.go:226.4,226.11 1 1
github.com\influx6\flux\reactstack.go:215.8,216.12 1 1
github.com\influx6\flux\reactstack.go:217.5,219.17 2 1
github.com\influx6\flux\reactstack.go:220.5,221.23 1 1
github.com\influx6\flux\reactstack.go:222.5,223.19 1 1
github.com\influx6\flux\reactstack.go:232.64,233.30 1 1
github.com\influx6\flux\reactstack.go:233.30,234.10 1 1
github.com\influx6\flux\reactstack.go:234.10,236.8 1 1
github.com\influx6\flux\reactstack.go:247.4,247.11 1 1
github.com\influx6\flux\reactstack.go:236.8,237.12 1 1
github.com\influx6\flux\reactstack.go:238.5,240.17 2 1
github.com\influx6\flux\reactstack.go:241.5,242.23 1 0
github.com\influx6\flux\reactstack.go:243.5,244.23 1 1
github.com\influx6\flux\reactstack.go:253.52,264.2 3 1
github.com\influx6\flux\reactstack.go:267.53,269.2 1 1
github.com\influx6\flux\reactstack.go:272.47,274.2 1 1
github.com\influx6\flux\reactstack.go:277.53,279.2 1 1
github.com\influx6\flux\reactstack.go:282.44,284.15 2 1
github.com\influx6\flux\reactstack.go:288.2,288.14 1 1
github.com\influx6\flux\reactstack.go:292.2,295.19 2 1
github.com\influx6\flux\reactstack.go:299.2,300.16 2 1
github.com\influx6\flux\reactstack.go:284.15,286.3 1 0
github.com\influx6\flux\reactstack.go:288.14,290.3 1 0
github.com\influx6\flux\reactstack.go:295.19,297.3 1 0
github.com\influx6\flux\reactstack.go:304.45,306.15 2 1
github.com\influx6\flux\reactstack.go:310.2,310.14 1 1
github.com\influx6\flux\reactstack.go:314.2,317.19 2 1
github.com\influx6\flux\reactstack.go:321.2,322.16 2 1
github.com\influx6\flux\reactstack.go:306.15,308.3 1 0
github.com\influx6\flux\reactstack.go:310.14,312.3 1 0
github.com\influx6\flux\reactstack.go:317.19,319.3 1 0
github.com\influx6\flux\reactstack.go:326.50,328.15 2 1
github.com\influx6\flux\reactstack.go:332.2,332.14 1 1
github.com\influx6\flux\reactstack.go:336.2,339.21 2 1
github.com\influx6\flux\reactstack.go:342.2,343.16 2 1
github.com\influx6\flux\reactstack.go:328.15,330.3 1 1
github.com\influx6\flux\reactstack.go:332.14,334.3 1 0
github.com\influx6\flux\reactstack.go:339.21,341.3 1 0
github.com\influx6\flux\reactstack.go:347.46,349.15 2 1
github.com\influx6\flux\reactstack.go:353.2,353.14 1 1
github.com\influx6\flux\reactstack.go:357.2,357.19 1 1
github.com\influx6\flux\reactstack.go:361.2,361.16 1 1
github.com\influx6\flux\reactstack.go:349.15,351.3 1 0
github.com\influx6\flux\reactstack.go:353.14,355.3 1 0
github.com\influx6\flux\reactstack.go:357.19,359.3 1 1
github.com\influx6\flux\reactstack.go:365.51,367.15 2 1
github.com\influx6\flux\reactstack.go:371.2,371.14 1 1
github.com\influx6\flux\reactstack.go:375.2,375.19 1 1
github.com\influx6\flux\reactstack.go:379.2,379.21 1 1
github.com\influx6\flux\reactstack.go:367.15,369.3 1 0
github.com\influx6\flux\reactstack.go:371.14,373.3 1 0
github.com\influx6\flux\reactstack.go:375.19,377.3 1 1
github.com\influx6\flux\reactstack.go:383.45,385.15 2 1
github.com\influx6\flux\reactstack.go:389.2,389.14 1 1
github.com\influx6\flux\reactstack.go:393.2,393.19 1 1
github.com\influx6\flux\reactstack.go:397.2,397.21 1 1
github.com\influx6\flux\reactstack.go:385.15,387.3 1 0
github.com\influx6\flux\reactstack.go:389.14,391.3 1 0
github.com\influx6\flux\reactstack.go:393.19,395.3 1 0
github.com\influx6\flux\reactstack.go:401.40,403.2 1 0
github.com\influx6\flux\reactstack.go:406.41,411.2 4 1
github.com\influx6\flux\reactstack.go:414.48,415.38 1 1
github.com\influx6\flux\reactstack.go:419.2,420.12 2 1
github.com\influx6\flux\reactstack.go:415.38,417.3 1 1
github.com\influx6\flux\reactstack.go:424.61,426.19 1 1
github.com\influx6\flux\reactstack.go:430.2,435.15 4 1
github.com\influx6\flux\reactstack.go:426.19,428.3 1 0
github.com\influx6\flux\reactstack.go:439.31,441.15 2 1
github.com\influx6\flux\reactstack.go:445.2,447.19 2 1
github.com\influx6\flux\reactstack.go:441.15,443.3 1 0
github.com\influx6\flux\reactstack.go:447.19,450.3 2 1
github.com\influx6\flux\reactstack.go:454.51,455.19 1 1
github.com\influx6\flux\reactstack.go:458.2,459.22 2 1
github.com\influx6\flux\reactstack.go:455.19,457.3 1 0
github.com\influx6\flux\reactstack.go:463.51,464.19 1 1
github.com\influx6\flux\reactstack.go:468.2,469.12 2 1
github.com\influx6\flux\reactstack.go:464.19,466.3 1 1
github.com\influx6\flux\reactstack.go:473.34,477.2 3 1
github.com\influx6\flux\reactstack.go:480.32,482.19 1 1
github.com\influx6\flux\reactstack.go:486.2,487.31 2 1
github.com\influx6\flux\reactstack.go:482.19,484.3 1 0
github.com\influx6\flux\reactstack.go:487.31,489.3 1 1
github.com\influx6\flux\reactstack.go:500.40,506.2 1 1
github.com\influx6\flux\reactstack.go:509.45,511.2 1 1
github.com\influx6\flux\reactstack.go:514.63,516.2 1 0
github.com\influx6\flux\reactstack.go:519.59,520.30 1 1
github.com\influx6\flux\reactstack.go:520.30,521.10 1 1
github.com\influx6\flux\reactstack.go:521.10,523.8 1 1
github.com\influx6\flux\reactstack.go:543.4,543.11 1 1
github.com\influx6\flux\reactstack.go:523.8,524.12 1 1
github.com\influx6\flux\reactstack.go:525.5,526.37 1 1
github.com\influx6\flux\reactstack.go:529.6,530.17 2 1
github.com\influx6\flux\reactstack.go:531.5,532.37 1 0
github.com\influx6\flux\reactstack.go:535.6,535.23 1 0
github.com\influx6\flux\reactstack.go:536.5,537.36 1 1
github.com\influx6\flux\reactstack.go:540.6,540.19 1 1
github.com\influx6\flux\reactstack.go:526.37,528.7 1 1
github.com\influx6\flux\reactstack.go:532.37,534.7 1 0
github.com\influx6\flux\reactstack.go:537.36,539.7 1 1
github.com\influx6\flux\helpers.go:17.45,19.2 1 0
github.com\influx6\flux\helpers.go:22.58,24.2 1 0
github.com\influx6\flux\helpers.go:27.52,29.2 1 0
github.com\influx6\flux\helpers.go:38.36,43.15 4 0
github.com\influx6\flux\helpers.go:47.2,47.11 1 0
github.com\influx6\flux\helpers.go:43.15,45.3 1 0
github.com\influx6\flux\helpers.go:51.54,54.16 2 0
github.com\influx6\flux\helpers.go:58.2,58.35 1 0
github.com\influx6\flux\helpers.go:54.16,56.3 1 0
github.com\influx6\flux\helpers.go:67.54,69.2 1 0
github.com\influx6\flux\helpers.go:72.38,75.2 2 0
github.com\influx6\flux\helpers.go:78.51,81.16 2 0
github.com\influx6\flux\helpers.go:85.2,93.12 5 0
github.com\influx6\flux\helpers.go:81.16,83.3 1 0
github.com\influx6\flux\helpers.go:97.52,101.65 3 0
github.com\influx6\flux\helpers.go:136.2,137.16 2 0
github.com\influx6\flux\helpers.go:141.2,141.12 1 0
github.com\influx6\flux\helpers.go:101.65,102.31 1 0
github.com\influx6\flux\helpers.go:106.3,107.17 2 0
github.com\influx6\flux\helpers.go:111.3,112.17 2 0
github.com\influx6\flux\helpers.go:116.3,119.56 3 0
github.com\influx6\flux\helpers.go:123.3,125.43 2 0
github.com\influx6\flux\helpers.go:129.3,129.44 1 0
github.com\influx6\flux\helpers.go:133.3,133.13 1 0
github.com\influx6\flux\helpers.go:102.31,104.4 1 0
github.com\influx6\flux\helpers.go:107.17,109.4 1 0
github.com\influx6\flux\helpers.go:112.17,114.4 1 0
github.com\influx6\flux\helpers.go:119.56,121.4 1 0
github.com\influx6\flux\helpers.go:125.43,127.4 1 0
github.com\influx6\flux\helpers.go:129.44,131.4 1 0
github.com\influx6\flux\helpers.go:137.16,139.3 1 0
github.com\influx6\flux\helpers.go:145.38,146.26 1 0
github.com\influx6\flux\helpers.go:146.26,148.3 1 0
github.com\influx6\flux\helpers.go:152.37,153.27 1 0
github.com\influx6\flux\helpers.go:153.27,155.3 1 0
github.com\influx6\flux\helpers.go:159.48,161.26 2 0
github.com\influx6\flux\helpers.go:161.26,162.13 1 0
github.com\influx6\flux\helpers.go:165.3,165.16 1 0
github.com\influx6\flux\helpers.go:162.13,163.9 1 0
github.com\influx6\flux\helpers.go:165.16,165.33 1 0
github.com\influx6\flux\helpers.go:170.47,172.27 2 0
github.com\influx6\flux\helpers.go:172.27,173.13 1 0
github.com\influx6\flux\helpers.go:176.3,176.16 1 0
github.com\influx6\flux\helpers.go:173.13,174.9 1 0
github.com\influx6\flux\helpers.go:176.16,176.33 1 0
github.com\influx6\flux\helpers.go:181.50,182.26 1 0
github.com\influx6\flux\helpers.go:182.26,183.16 1 0
github.com\influx6\flux\helpers.go:183.16,183.23 1 0
github.com\influx6\flux\helpers.go:188.49,189.27 1 0
github.com\influx6\flux\helpers.go:189.27,190.16 1 0
github.com\influx6\flux\helpers.go:190.16,190.23 1 0
github.com\influx6\flux\helpers.go:195.34,196.14 1 0
github.com\influx6\flux\helpers.go:196.14,198.3 1 0
github.com\influx6\flux\helpers.go:198.3,200.3 1 0
github.com\influx6\flux\helpers.go:204.61,205.15 1 1
github.com\influx6\flux\helpers.go:216.2,216.33 1 1
github.com\influx6\flux\helpers.go:220.2,220.12 1 1
github.com\influx6\flux\helpers.go:205.15,206.35 1 1
github.com\influx6\flux\helpers.go:206.35,213.4 6 0
github.com\influx6\flux\helpers.go:216.33,218.3 1 0
github.com\influx6\flux\helpers.go:224.39,225.41 1 1
github.com\influx6\flux\helpers.go:225.41,228.3 2 1
github.com\influx6\flux\helpers.go:232.36,235.2 2 0
github.com\influx6\flux\helpers.go:238.51,241.2 2 0
github.com\influx6\flux\helpers.go:244.49,246.2 1 0
github.com\influx6\flux\pressurestream.go:22.42,26.2 3 0
github.com\influx6\flux\pressurestream.go:29.86,40.2 2 0
github.com\influx6\flux\pressurestream.go:43.50,45.2 1 0
github.com\influx6\flux\pressurestream.go:48.49,50.2 1 0
github.com\influx6\flux\pressurestream.go:53.53,55.2 1 0
github.com\influx6\flux\pressurestream.go:58.46,60.2 1 0
github.com\influx6\flux\pressurestream.go:63.35,67.2 3 0
github.com\influx6\flux\pressurestream.go:90.44,104.2 4 1
github.com\influx6\flux\pressurestream.go:107.30,109.2 1 1
github.com\influx6\flux\pressurestream.go:112.25,116.2 3 1
github.com\influx6\flux\pressurestream.go:119.43,121.2 2 1
github.com\influx6\flux\pressurestream.go:125.2,125.15 1 1
github.com\influx6\flux\pressurestream.go:121.2,124.3 2 1
github.com\influx6\flux\pressurestream.go:129.26,132.6 2 1
github.com\influx6\flux\pressurestream.go:132.6,134.25 1 1
github.com\influx6\flux\pressurestream.go:146.3,146.24 1 1
github.com\influx6\flux\pressurestream.go:134.25,135.11 1 1
github.com\influx6\flux\pressurestream.go:136.4,137.14 1 1
github.com\influx6\flux\pressurestream.go:141.5,142.19 2 1
github.com\influx6\flux\pressurestream.go:137.14,140.6 1 1
github.com\influx6\flux\pressurestream.go:146.24,151.18 2 1
github.com\influx6\flux\pressurestream.go:157.4,157.11 1 1
github.com\influx6\flux\pressurestream.go:151.18,153.13 1 0
github.com\influx6\flux\pressurestream.go:159.4,160.14 1 1
github.com\influx6\flux\pressurestream.go:164.5,165.19 2 1
github.com\influx6\flux\pressurestream.go:168.4,169.19 1 1
github.com\influx6\flux\pressurestream.go:160.14,163.6 1 1
github.com\influx6\flux\pressurestream.go:186.26,188.2 1 1
github.com\influx6\flux\pressurestream.go:191.31,195.2 3 1
github.com\influx6\flux\pressurestream.go:198.2,200.11 2 1
github.com\influx6\flux\pressurestream.go:195.2,197.3 1 1
github.com\influx6\flux\pressurestream.go:204.46,209.2 4 1
github.com\influx6\flux\pressurestream.go:214.2,216.13 2 1
github.com\influx6\flux\pressurestream.go:220.2,220.15 1 1
github.com\influx6\flux\pressurestream.go:209.2,210.33 1 1
github.com\influx6\flux\pressurestream.go:210.33,212.4 1 1
github.com\influx6\flux\pressurestream.go:216.13,218.3 1 0
github.com\influx6\flux\pressurestream.go:224.26,226.2 2 1
github.com\influx6\flux\pressurestream.go:229.2,229.15 1 1
github.com\influx6\flux\pressurestream.go:226.2,228.3 1 1
github.com\influx6\flux\pressurestream.go:233.44,235.2 2 1
github.com\influx6\flux\pressurestream.go:238.2,238.15 1 1
github.com\influx6\flux\pressurestream.go:235.2,237.3 1 1
github.com\influx6\flux\pressurestream.go:242.49,247.2 4 1
github.com\influx6\flux\pressurestream.go:253.2,255.13 2 1
github.com\influx6\flux\pressurestream.go:259.2,259.18 1 1
github.com\influx6\flux\pressurestream.go:247.2,248.33 1 1
github.com\influx6\flux\pressurestream.go:248.33,251.4 2 1
github.com\influx6\flux\pressurestream.go:255.13,257.3 1 0
github.com\influx6\flux\stackers.go:92.64,93.51 1 0
github.com\influx6\flux\stackers.go:93.51,95.3 1 0
github.com\influx6\flux\stackers.go:99.61,101.2 1 0
github.com\influx6\flux\stackers.go:104.39,108.2 1 0
github.com\influx6\flux\stackers.go:111.41,113.35 2 0
github.com\influx6\flux\stackers.go:131.2,131.11 1 0
github.com\influx6\flux\stackers.go:113.35,114.7 1 0
github.com\influx6\flux\stackers.go:114.7,118.17 2 0
github.com\influx6\flux\stackers.go:122.4,122.11 1 0
github.com\influx6\flux\stackers.go:118.17,119.10 1 0
github.com\influx6\flux\stackers.go:123.4,124.12 1 0
github.com\influx6\flux\stackers.go:127.5,127.15 1 0
github.com\influx6\flux\stackers.go:124.12,126.6 1 0
github.com\influx6\flux\stackers.go:135.71,138.15 2 0
github.com\influx6\flux\stackers.go:142.2,145.22 3 0
github.com\influx6\flux\stackers.go:151.2,151.33 1 0
github.com\influx6\flux\stackers.go:138.15,140.3 1 0
github.com\influx6\flux\stackers.go:145.22,146.38 1 0
github.com\influx6\flux\stackers.go:146.38,148.4 1 0
github.com\influx6\flux\stackers.go:155.31,157.15 2 0
github.com\influx6\flux\stackers.go:161.2,162.17 2 0
github.com\influx6\flux\stackers.go:157.15,159.3 1 0
github.com\influx6\flux\stackers.go:166.29,167.19 1 1
github.com\influx6\flux\stackers.go:172.2,174.22 3 1
github.com\influx6\flux\stackers.go:167.19,168.26 1 1
github.com\influx6\flux\stackers.go:168.26,170.4 1 1
github.com\influx6\flux\stackers.go:174.22,175.16 1 1
github.com\influx6\flux\stackers.go:176.3,176.14 1 1
github.com\influx6\flux\stackers.go:175.16,175.35 1 1
github.com\influx6\flux\stackers.go:181.41,185.2 3 1
github.com\influx6\flux\stackers.go:188.54,192.2 3 1
github.com\influx6\flux\stackers.go:195.67,197.2 1 1
github.com\influx6\flux\stackers.go:200.40,208.2 3 1
github.com\influx6\flux\stackers.go:211.29,213.2 1 0
github.com\influx6\flux\stackers.go:216.52,217.14 1 1
github.com\influx6\flux\stackers.go:220.2,220.19 1 1
github.com\influx6\flux\stackers.go:224.2,226.15 3 1
github.com\influx6\flux\stackers.go:229.2,229.12 1 1
github.com\influx6\flux\stackers.go:217.14,219.3 1 0
github.com\influx6\flux\stackers.go:220.19,222.3 1 0
github.com\influx6\flux\stackers.go:226.15,228.3 1 1
github.com\influx6\flux\stackers.go:233.49,234.14 1 1
github.com\influx6\flux\stackers.go:237.2,237.19 1 1
github.com\influx6\flux\stackers.go:241.2,243.15 3 1
github.com\influx6\flux\stackers.go:253.2,253.12 1 1
github.com\influx6\flux\stackers.go:234.14,236.3 1 0
github.com\influx6\flux\stackers.go:237.19,239.3 1 1
github.com\influx6\flux\stackers.go:243.15,245.20 2 1
github.com\influx6\flux\stackers.go:245.20,246.26 1 1
github.com\influx6\flux\stackers.go:246.26,247.33 1 1
github.com\influx6\flux\stackers.go:247.33,249.6 1 1
github.com\influx6\flux\stackers.go:258.50,259.14 1 1
github.com\influx6\flux\stackers.go:262.2,262.19 1 1
github.com\influx6\flux\stackers.go:266.2,268.15 3 1
github.com\influx6\flux\stackers.go:278.2,278.12 1 1
github.com\influx6\flux\stackers.go:259.14,261.3 1 0
github.com\influx6\flux\stackers.go:262.19,264.3 1 0
github.com\influx6\flux\stackers.go:268.15,270.20 2 1
github.com\influx6\flux\stackers.go:270.20,271.26 1 1
github.com\influx6\flux\stackers.go:271.26,272.33 1 1
github.com\influx6\flux\stackers.go:272.33,274.6 1 1
github.com\influx6\flux\stackers.go:282.49,283.14 1 1
github.com\influx6\flux\stackers.go:286.2,286.19 1 1
github.com\influx6\flux\stackers.go:290.2,290.19 1 1
github.com\influx6\flux\stackers.go:294.2,294.19 1 1
github.com\influx6\flux\stackers.go:283.14,285.3 1 0
github.com\influx6\flux\stackers.go:286.19,288.3 1 0
github.com\influx6\flux\stackers.go:290.19,292.3 1 1
github.com\influx6\flux\stackers.go:298.53,299.14 1 1
github.com\influx6\flux\stackers.go:302.2,302.19 1 1
github.com\influx6\flux\stackers.go:306.2,308.19 2 1
github.com\influx6\flux\stackers.go:312.2,312.12 1 1
github.com\influx6\flux\stackers.go:299.14,301.3 1 0
github.com\influx6\flux\stackers.go:302.19,304.3 1 0
github.com\influx6\flux\stackers.go:308.19,310.3 1 1
github.com\influx6\flux\stackers.go:316.54,317.14 1 1
github.com\influx6\flux\stackers.go:320.2,320.19 1 1
github.com\influx6\flux\stackers.go:324.2,326.19 2 1
github.com\influx6\flux\stackers.go:330.2,330.12 1 1
github.com\influx6\flux\stackers.go:317.14,319.3 1 0
github.com\influx6\flux\stackers.go:320.19,322.3 1 0
github.com\influx6\flux\stackers.go:326.19,328.3 1 1
github.com\influx6\flux\stackers.go:334.31,335.19 1 1
github.com\influx6\flux\stackers.go:339.2,339.15 1 1
github.com\influx6\flux\stackers.go:340.2,342.12 3 1
github.com\influx6\flux\stackers.go:335.19,337.3 1 1
github.com\influx6\flux\stackers.go:339.15,339.31 1 1
github.com\influx6\flux\stackers.go:346.27,347.36 1 1
github.com\influx6\flux\stackers.go:351.2,356.14 5 1
github.com\influx6\flux\stackers.go:347.36,349.3 1 1
github.com\influx6\flux\stackers.go:360.38,362.2 1 1
github.com\influx6\flux\stackers.go:365.49,366.59 1 0
github.com\influx6\flux\stackers.go:366.59,369.3 2 0
github.com\influx6\flux\stackers.go:373.46,375.34 2 0
github.com\influx6\flux\stackers.go:380.2,380.11 1 0
github.com\influx6\flux\stackers.go:375.34,376.43 1 0
github.com\influx6\flux\stackers.go:376.43,378.4 1 0
github.com\influx6\flux\stackers.go:384.37,386.31 2 1
github.com\influx6\flux\stackers.go:386.31,388.16 2 1
github.com\influx6\flux\stackers.go:388.16,390.4 1 0
github.com\influx6\flux\stackers.go:395.63,396.19 1 1
github.com\influx6\flux\stackers.go:400.2,400.24 1 1
github.com\influx6\flux\stackers.go:406.2,411.18 4 1
github.com\influx6\flux\stackers.go:415.2,415.10 1 1
github.com\influx6\flux\stackers.go:396.19,398.3 1 0
github.com\influx6\flux\stackers.go:400.24,401.31 1 1
github.com\influx6\flux\stackers.go:401.31,403.4 1 1
github.com\influx6\flux\stackers.go:411.18,413.3 1 1
github.com\influx6\flux\stackers.go:419.32,420.62 1 0
github.com\influx6\flux\stackers.go:420.62,423.3 2 0
github.com\influx6\flux\stackers.go:427.48,428.62 1 0
github.com\influx6\flux\stackers.go:428.62,431.3 2 0
github.com\influx6\flux\stackers.go:435.51,436.62 1 0
github.com\influx6\flux\stackers.go:436.62,439.3 2 0
github.com\influx6\flux\stackers.go:443.41,446.24 2 0
github.com\influx6\flux\stackers.go:452.2,452.11 1 0
github.com\influx6\flux\stackers.go:446.24,447.33 1 0
github.com\influx6\flux\stackers.go:447.33,449.4 1 0
github.com\influx6\flux\stackers.go:456.50,457.60 1 0
github.com\influx6\flux\stackers.go:457.60,459.3 1 0
github.com\influx6\flux\stackers.go:463.51,466.22 2 0
github.com\influx6\flux\stackers.go:474.2,474.11 1 0
github.com\influx6\flux\stackers.go:466.22,467.16 1 0
github.com\influx6\flux\stackers.go:471.3,471.31 1 0
github.com\influx6\flux\stackers.go:467.16,469.12 2 0
